TN:
SF:src\parser\parser.ts
FN:18,(anonymous_0)
FN:20,(anonymous_1)
FN:70,(anonymous_2)
FN:91,(anonymous_3)
FNF:4
FNH:4
FNDA:18,(anonymous_0)
FNDA:150,(anonymous_1)
FNDA:86,(anonymous_2)
FNDA:38,(anonymous_3)
DA:19,18
DA:20,150
DA:21,18
DA:23,18
DA:24,18
DA:25,18
DA:27,18
DA:28,150
DA:29,44
DA:32,106
DA:33,20
DA:34,2
DA:36,20
DA:37,20
DA:38,20
DA:39,86
DA:40,86
DA:42,86
DA:43,20
DA:44,20
DA:45,20
DA:46,20
DA:47,66
DA:48,8
DA:49,8
DA:50,8
DA:51,8
DA:52,8
DA:53,8
DA:54,58
DA:55,20
DA:56,20
DA:58,38
DA:63,18
DA:64,18
DA:67,18
DA:71,86
DA:73,86
DA:74,16
DA:75,16
DA:76,70
DA:77,8
DA:78,62
DA:79,16
DA:80,46
DA:81,4
DA:82,4
DA:83,42
DA:84,4
DA:86,38
DA:87,38
DA:92,38
DA:93,38
DA:95,38
DA:96,32
DA:97,14
DA:98,18
DA:99,18
DA:100,0
DA:101,0
DA:104,38
DA:105,38
LF:62
LH:60
BRDA:28,0,0,44
BRDA:28,0,1,106
BRDA:28,1,0,150
BRDA:28,1,1,146
BRDA:32,2,0,20
BRDA:32,2,1,86
BRDA:32,3,0,106
BRDA:32,3,1,96
BRDA:33,4,0,2
BRDA:33,4,1,18
BRDA:39,5,0,86
BRDA:39,5,1,0
BRDA:39,6,0,86
BRDA:39,6,1,86
BRDA:42,7,0,20
BRDA:42,7,1,66
BRDA:42,8,0,86
BRDA:42,8,1,70
BRDA:47,9,0,8
BRDA:47,9,1,58
BRDA:54,10,0,20
BRDA:54,10,1,38
BRDA:54,11,0,58
BRDA:54,11,1,42
BRDA:63,12,0,18
BRDA:63,12,1,0
BRDA:73,13,0,16
BRDA:73,13,1,70
BRDA:73,14,0,86
BRDA:73,14,1,78
BRDA:76,15,0,8
BRDA:76,15,1,62
BRDA:76,16,0,70
BRDA:76,16,1,66
BRDA:78,17,0,16
BRDA:78,17,1,46
BRDA:78,18,0,62
BRDA:78,18,1,54
BRDA:80,19,0,4
BRDA:80,19,1,42
BRDA:80,20,0,46
BRDA:80,20,1,44
BRDA:83,21,0,4
BRDA:83,21,1,38
BRDA:83,22,0,42
BRDA:83,22,1,40
BRDA:96,23,0,14
BRDA:96,23,1,18
BRDA:98,24,0,18
BRDA:98,24,1,0
BRDA:100,25,0,0
BRDA:100,25,1,0
BRF:52
BRH:47
end_of_record
TN:
SF:src\utils\timestamp.ts
FN:1,getFormattedTimestamp
FNF:1
FNH:1
FNDA:3,getFormattedTimestamp
DA:2,3
DA:3,3
DA:4,3
DA:5,3
DA:6,3
DA:7,3
DA:8,3
DA:9,3
LF:8
LH:8
BRF:0
BRH:0
end_of_record
