<?xml version="1.0" encoding="UTF-8"?>
<coverage generated="1783076129569" clover="3.2.0">
  <project timestamp="1783076129569" name="All files">
    <metrics statements="70" coveredstatements="68" conditionals="52" coveredconditionals="47" methods="5" coveredmethods="5" elements="127" coveredelements="120" complexity="0" loc="70" ncloc="70" packages="2" files="2" classes="2"/>
    <package name="parser">
      <metrics statements="62" coveredstatements="60" conditionals="52" coveredconditionals="47" methods="4" coveredmethods="4"/>
      <file name="parser.ts" path="C:\IdeaProjects\spring-petclinic-main\enhanced-gherkin-framework-main\src\parser\parser.ts">
        <metrics statements="62" coveredstatements="60" conditionals="52" coveredconditionals="47" methods="4" coveredmethods="4"/>
        <line num="19" count="18" type="stmt"/>
        <line num="20" count="150" type="stmt"/>
        <line num="21" count="18" type="stmt"/>
        <line num="23" count="18" type="stmt"/>
        <line num="24" count="18" type="stmt"/>
        <line num="25" count="18" type="stmt"/>
        <line num="27" count="18" type="stmt"/>
        <line num="28" count="150" type="cond" truecount="4" falsecount="0"/>
        <line num="29" count="44" type="stmt"/>
        <line num="32" count="106" type="cond" truecount="4" falsecount="0"/>
        <line num="33" count="20" type="cond" truecount="2" falsecount="0"/>
        <line num="34" count="2" type="stmt"/>
        <line num="36" count="20" type="stmt"/>
        <line num="37" count="20" type="stmt"/>
        <line num="38" count="20" type="stmt"/>
        <line num="39" count="86" type="cond" truecount="3" falsecount="1"/>
        <line num="40" count="86" type="stmt"/>
        <line num="42" count="86" type="cond" truecount="4" falsecount="0"/>
        <line num="43" count="20" type="stmt"/>
        <line num="44" count="20" type="stmt"/>
        <line num="45" count="20" type="stmt"/>
        <line num="46" count="20" type="stmt"/>
        <line num="47" count="66" type="cond" truecount="2" falsecount="0"/>
        <line num="48" count="8" type="stmt"/>
        <line num="49" count="8" type="stmt"/>
        <line num="50" count="8" type="stmt"/>
        <line num="51" count="8" type="stmt"/>
        <line num="52" count="8" type="stmt"/>
        <line num="53" count="8" type="stmt"/>
        <line num="54" count="58" type="cond" truecount="4" falsecount="0"/>
        <line num="55" count="20" type="stmt"/>
        <line num="56" count="20" type="stmt"/>
        <line num="58" count="38" type="stmt"/>
        <line num="63" count="18" type="cond" truecount="1" falsecount="1"/>
        <line num="64" count="18" type="stmt"/>
        <line num="67" count="18" type="stmt"/>
        <line num="71" count="86" type="stmt"/>
        <line num="73" count="86" type="cond" truecount="4" falsecount="0"/>
        <line num="74" count="16" type="stmt"/>
        <line num="75" count="16" type="stmt"/>
        <line num="76" count="70" type="cond" truecount="4" falsecount="0"/>
        <line num="77" count="8" type="stmt"/>
        <line num="78" count="62" type="cond" truecount="4" falsecount="0"/>
        <line num="79" count="16" type="stmt"/>
        <line num="80" count="46" type="cond" truecount="4" falsecount="0"/>
        <line num="81" count="4" type="stmt"/>
        <line num="82" count="4" type="stmt"/>
        <line num="83" count="42" type="cond" truecount="4" falsecount="0"/>
        <line num="84" count="4" type="stmt"/>
        <line num="86" count="38" type="stmt"/>
        <line num="87" count="38" type="stmt"/>
        <line num="92" count="38" type="stmt"/>
        <line num="93" count="38" type="stmt"/>
        <line num="95" count="38" type="stmt"/>
        <line num="96" count="32" type="cond" truecount="2" falsecount="0"/>
        <line num="97" count="14" type="stmt"/>
        <line num="98" count="18" type="cond" truecount="1" falsecount="1"/>
        <line num="99" count="18" type="stmt"/>
        <line num="100" count="0" type="cond" truecount="0" falsecount="2"/>
        <line num="101" count="0" type="stmt"/>
        <line num="104" count="38" type="stmt"/>
        <line num="105" count="38" type="stmt"/>
      </file>
    </package>
    <package name="utils">
      <metrics statements="8" coveredstatements="8" conditionals="0" coveredconditionals="0" methods="1" coveredmethods="1"/>
      <file name="timestamp.ts" path="C:\IdeaProjects\spring-petclinic-main\enhanced-gherkin-framework-main\src\utils\timestamp.ts">
        <metrics statements="8" coveredstatements="8" conditionals="0" coveredconditionals="0" methods="1" coveredmethods="1"/>
        <line num="2" count="3" type="stmt"/>
        <line num="3" count="3" type="stmt"/>
        <line num="4" count="3" type="stmt"/>
        <line num="5" count="3" type="stmt"/>
        <line num="6" count="3" type="stmt"/>
        <line num="7" count="3" type="stmt"/>
        <line num="8" count="3" type="stmt"/>
        <line num="9" count="3" type="stmt"/>
      </file>
    </package>
  </project>
</coverage>
