{"C:\\IdeaProjects\\spring-petclinic-main\\enhanced-gherkin-framework-main\\src\\parser\\parser.ts": {"path":"C:\\IdeaProjects\\spring-petclinic-main\\enhanced-gherkin-framework-main\\src\\parser\\parser.ts","statementMap":{"0":{"start":{"line":19,"column":24},"end":{"line":19,"column":58}},"1":{"start":{"line":20,"column":22},"end":{"line":20,"column":66}},"2":{"start":{"line":20,"column":54},"end":{"line":20,"column":65}},"3":{"start":{"line":21,"column":38},"end":{"line":21,"column":40}},"4":{"start":{"line":23,"column":43},"end":{"line":23,"column":47}},"5":{"start":{"line":24,"column":46},"end":{"line":24,"column":48}},"6":{"start":{"line":25,"column":39},"end":{"line":25,"column":41}},"7":{"start":{"line":27,"column":8},"end":{"line":61,"column":9}},"8":{"start":{"line":28,"column":12},"end":{"line":30,"column":13}},"9":{"start":{"line":29,"column":16},"end":{"line":29,"column":25}},"10":{"start":{"line":32,"column":12},"end":{"line":60,"column":13}},"11":{"start":{"line":33,"column":16},"end":{"line":35,"column":17}},"12":{"start":{"line":34,"column":20},"end":{"line":34,"column":48}},"13":{"start":{"line":36,"column":16},"end":{"line":36,"column":76}},"14":{"start":{"line":37,"column":16},"end":{"line":37,"column":49}},"15":{"start":{"line":38,"column":16},"end":{"line":38,"column":53}},"16":{"start":{"line":39,"column":19},"end":{"line":60,"column":13}},"17":{"start":{"line":40,"column":30},"end":{"line":40,"column":50}},"18":{"start":{"line":42,"column":16},"end":{"line":59,"column":17}},"19":{"start":{"line":43,"column":20},"end":{"line":43,"column":37}},"20":{"start":{"line":44,"column":20},"end":{"line":44,"column":45}},"21":{"start":{"line":45,"column":20},"end":{"line":45,"column":56}},"22":{"start":{"line":46,"column":20},"end":{"line":46,"column":47}},"23":{"start":{"line":47,"column":23},"end":{"line":59,"column":17}},"24":{"start":{"line":48,"column":20},"end":{"line":48,"column":44}},"25":{"start":{"line":49,"column":20},"end":{"line":49,"column":83}},"26":{"start":{"line":50,"column":20},"end":{"line":50,"column":37}},"27":{"start":{"line":51,"column":20},"end":{"line":51,"column":45}},"28":{"start":{"line":52,"column":20},"end":{"line":52,"column":56}},"29":{"start":{"line":53,"column":20},"end":{"line":53,"column":47}},"30":{"start":{"line":54,"column":23},"end":{"line":59,"column":17}},"31":{"start":{"line":55,"column":20},"end":{"line":55,"column":44}},"32":{"start":{"line":56,"column":20},"end":{"line":56,"column":83}},"33":{"start":{"line":58,"column":20},"end":{"line":58,"column":45}},"34":{"start":{"line":63,"column":8},"end":{"line":65,"column":9}},"35":{"start":{"line":64,"column":12},"end":{"line":64,"column":40}},"36":{"start":{"line":67,"column":8},"end":{"line":67,"column":25}},"37":{"start":{"line":71,"column":27},"end":{"line":71,"column":38}},"38":{"start":{"line":73,"column":8},"end":{"line":88,"column":9}},"39":{"start":{"line":74,"column":30},"end":{"line":74,"column":60}},"40":{"start":{"line":75,"column":12},"end":{"line":75,"column":69}},"41":{"start":{"line":76,"column":15},"end":{"line":88,"column":9}},"42":{"start":{"line":77,"column":12},"end":{"line":77,"column":36}},"43":{"start":{"line":78,"column":15},"end":{"line":88,"column":9}},"44":{"start":{"line":79,"column":12},"end":{"line":79,"column":37}},"45":{"start":{"line":80,"column":15},"end":{"line":88,"column":9}},"46":{"start":{"line":81,"column":35},"end":{"line":81,"column":66}},"47":{"start":{"line":82,"column":12},"end":{"line":82,"column":76}},"48":{"start":{"line":83,"column":15},"end":{"line":88,"column":9}},"49":{"start":{"line":84,"column":12},"end":{"line":84,"column":39}},"50":{"start":{"line":86,"column":43},"end":{"line":86,"column":86}},"51":{"start":{"line":87,"column":12},"end":{"line":87,"column":58}},"52":{"start":{"line":92,"column":22},"end":{"line":92,"column":52}},"53":{"start":{"line":93,"column":37},"end":{"line":93,"column":39}},"54":{"start":{"line":95,"column":8},"end":{"line":103,"column":9}},"55":{"start":{"line":96,"column":12},"end":{"line":102,"column":13}},"56":{"start":{"line":97,"column":16},"end":{"line":97,"column":42}},"57":{"start":{"line":98,"column":19},"end":{"line":102,"column":13}},"58":{"start":{"line":99,"column":16},"end":{"line":99,"column":42}},"59":{"start":{"line":100,"column":19},"end":{"line":102,"column":13}},"60":{"start":{"line":101,"column":16},"end":{"line":101,"column":42}},"61":{"start":{"line":104,"column":23},"end":{"line":104,"column":55}},"62":{"start":{"line":105,"column":8},"end":{"line":105,"column":38}}},"fnMap":{"0":{"name":"(anonymous_0)","decl":{"start":{"line":18,"column":4},"end":{"line":18,"column":5}},"loc":{"start":{"line":18,"column":47},"end":{"line":68,"column":5}},"line":18},"1":{"name":"(anonymous_1)","decl":{"start":{"line":20,"column":46},"end":{"line":20,"column":47}},"loc":{"start":{"line":20,"column":54},"end":{"line":20,"column":65}},"line":20},"2":{"name":"(anonymous_2)","decl":{"start":{"line":70,"column":4},"end":{"line":70,"column":5}},"loc":{"start":{"line":70,"column":38},"end":{"line":89,"column":5}},"line":70},"3":{"name":"(anonymous_3)","decl":{"start":{"line":91,"column":4},"end":{"line":91,"column":5}},"loc":{"start":{"line":91,"column":87},"end":{"line":106,"column":5}},"line":91}},"branchMap":{"0":{"loc":{"start":{"line":28,"column":12},"end":{"line":30,"column":13}},"type":"if","locations":[{"start":{"line":28,"column":12},"end":{"line":30,"column":13}},{"start":{},"end":{}}],"line":28},"1":{"loc":{"start":{"line":28,"column":16},"end":{"line":28,"column":51}},"type":"binary-expr","locations":[{"start":{"line":28,"column":16},"end":{"line":28,"column":36}},{"start":{"line":28,"column":40},"end":{"line":28,"column":51}}],"line":28},"2":{"loc":{"start":{"line":32,"column":12},"end":{"line":60,"column":13}},"type":"if","locations":[{"start":{"line":32,"column":12},"end":{"line":60,"column":13}},{"start":{"line":39,"column":19},"end":{"line":60,"column":13}}],"line":32},"3":{"loc":{"start":{"line":32,"column":16},"end":{"line":32,"column":96}},"type":"binary-expr","locations":[{"start":{"line":32,"column":16},"end":{"line":32,"column":54}},{"start":{"line":32,"column":58},"end":{"line":32,"column":96}}],"line":32},"4":{"loc":{"start":{"line":33,"column":16},"end":{"line":35,"column":17}},"type":"if","locations":[{"start":{"line":33,"column":16},"end":{"line":35,"column":17}},{"start":{},"end":{}}],"line":33},"5":{"loc":{"start":{"line":39,"column":19},"end":{"line":60,"column":13}},"type":"if","locations":[{"start":{"line":39,"column":19},"end":{"line":60,"column":13}},{"start":{},"end":{}}],"line":39},"6":{"loc":{"start":{"line":39,"column":23},"end":{"line":39,"column":53}},"type":"binary-expr","locations":[{"start":{"line":39,"column":23},"end":{"line":39,"column":34}},{"start":{"line":39,"column":38},"end":{"line":39,"column":53}}],"line":39},"7":{"loc":{"start":{"line":42,"column":16},"end":{"line":59,"column":17}},"type":"if","locations":[{"start":{"line":42,"column":16},"end":{"line":59,"column":17}},{"start":{"line":47,"column":23},"end":{"line":59,"column":17}}],"line":42},"8":{"loc":{"start":{"line":42,"column":20},"end":{"line":42,"column":64}},"type":"binary-expr","locations":[{"start":{"line":42,"column":20},"end":{"line":42,"column":39}},{"start":{"line":42,"column":43},"end":{"line":42,"column":64}}],"line":42},"9":{"loc":{"start":{"line":47,"column":23},"end":{"line":59,"column":17}},"type":"if","locations":[{"start":{"line":47,"column":23},"end":{"line":59,"column":17}},{"start":{"line":54,"column":23},"end":{"line":59,"column":17}}],"line":47},"10":{"loc":{"start":{"line":54,"column":23},"end":{"line":59,"column":17}},"type":"if","locations":[{"start":{"line":54,"column":23},"end":{"line":59,"column":17}},{"start":{"line":57,"column":23},"end":{"line":59,"column":17}}],"line":54},"11":{"loc":{"start":{"line":54,"column":27},"end":{"line":54,"column":77}},"type":"binary-expr","locations":[{"start":{"line":54,"column":27},"end":{"line":54,"column":49}},{"start":{"line":54,"column":53},"end":{"line":54,"column":77}}],"line":54},"12":{"loc":{"start":{"line":63,"column":8},"end":{"line":65,"column":9}},"type":"if","locations":[{"start":{"line":63,"column":8},"end":{"line":65,"column":9}},{"start":{},"end":{}}],"line":63},"13":{"loc":{"start":{"line":73,"column":8},"end":{"line":88,"column":9}},"type":"if","locations":[{"start":{"line":73,"column":8},"end":{"line":88,"column":9}},{"start":{"line":76,"column":15},"end":{"line":88,"column":9}}],"line":73},"14":{"loc":{"start":{"line":73,"column":12},"end":{"line":73,"column":102}},"type":"binary-expr","locations":[{"start":{"line":73,"column":12},"end":{"line":73,"column":56}},{"start":{"line":73,"column":60},"end":{"line":73,"column":102}}],"line":73},"15":{"loc":{"start":{"line":76,"column":15},"end":{"line":88,"column":9}},"type":"if","locations":[{"start":{"line":76,"column":15},"end":{"line":88,"column":9}},{"start":{"line":78,"column":15},"end":{"line":88,"column":9}}],"line":76},"16":{"loc":{"start":{"line":76,"column":19},"end":{"line":76,"column":110}},"type":"binary-expr","locations":[{"start":{"line":76,"column":19},"end":{"line":76,"column":63}},{"start":{"line":76,"column":67},"end":{"line":76,"column":110}}],"line":76},"17":{"loc":{"start":{"line":78,"column":15},"end":{"line":88,"column":9}},"type":"if","locations":[{"start":{"line":78,"column":15},"end":{"line":88,"column":9}},{"start":{"line":80,"column":15},"end":{"line":88,"column":9}}],"line":78},"18":{"loc":{"start":{"line":78,"column":19},"end":{"line":78,"column":115}},"type":"binary-expr","locations":[{"start":{"line":78,"column":19},"end":{"line":78,"column":67}},{"start":{"line":78,"column":71},"end":{"line":78,"column":115}}],"line":78},"19":{"loc":{"start":{"line":80,"column":15},"end":{"line":88,"column":9}},"type":"if","locations":[{"start":{"line":80,"column":15},"end":{"line":88,"column":9}},{"start":{"line":83,"column":15},"end":{"line":88,"column":9}}],"line":80},"20":{"loc":{"start":{"line":80,"column":19},"end":{"line":80,"column":122}},"type":"binary-expr","locations":[{"start":{"line":80,"column":19},"end":{"line":80,"column":70}},{"start":{"line":80,"column":74},"end":{"line":80,"column":122}}],"line":80},"21":{"loc":{"start":{"line":83,"column":15},"end":{"line":88,"column":9}},"type":"if","locations":[{"start":{"line":83,"column":15},"end":{"line":88,"column":9}},{"start":{"line":85,"column":15},"end":{"line":88,"column":9}}],"line":83},"22":{"loc":{"start":{"line":83,"column":19},"end":{"line":83,"column":118}},"type":"binary-expr","locations":[{"start":{"line":83,"column":19},"end":{"line":83,"column":68}},{"start":{"line":83,"column":72},"end":{"line":83,"column":118}}],"line":83},"23":{"loc":{"start":{"line":96,"column":12},"end":{"line":102,"column":13}},"type":"if","locations":[{"start":{"line":96,"column":12},"end":{"line":102,"column":13}},{"start":{"line":98,"column":19},"end":{"line":102,"column":13}}],"line":96},"24":{"loc":{"start":{"line":98,"column":19},"end":{"line":102,"column":13}},"type":"if","locations":[{"start":{"line":98,"column":19},"end":{"line":102,"column":13}},{"start":{"line":100,"column":19},"end":{"line":102,"column":13}}],"line":98},"25":{"loc":{"start":{"line":100,"column":19},"end":{"line":102,"column":13}},"type":"if","locations":[{"start":{"line":100,"column":19},"end":{"line":102,"column":13}},{"start":{},"end":{}}],"line":100}},"s":{"0":18,"1":18,"2":150,"3":18,"4":18,"5":18,"6":18,"7":18,"8":150,"9":44,"10":106,"11":20,"12":2,"13":20,"14":20,"15":20,"16":86,"17":86,"18":86,"19":20,"20":20,"21":20,"22":20,"23":66,"24":8,"25":8,"26":8,"27":8,"28":8,"29":8,"30":58,"31":20,"32":20,"33":38,"34":18,"35":18,"36":18,"37":86,"38":86,"39":16,"40":16,"41":70,"42":8,"43":62,"44":16,"45":46,"46":4,"47":4,"48":42,"49":4,"50":38,"51":38,"52":38,"53":38,"54":38,"55":32,"56":14,"57":18,"58":18,"59":0,"60":0,"61":38,"62":38},"f":{"0":18,"1":150,"2":86,"3":38},"b":{"0":[44,106],"1":[150,146],"2":[20,86],"3":[106,96],"4":[2,18],"5":[86,0],"6":[86,86],"7":[20,66],"8":[86,70],"9":[8,58],"10":[20,38],"11":[58,42],"12":[18,0],"13":[16,70],"14":[86,78],"15":[8,62],"16":[70,66],"17":[16,46],"18":[62,54],"19":[4,42],"20":[46,44],"21":[4,38],"22":[42,40],"23":[14,18],"24":[18,0],"25":[0,0]},"_coverageSchema":"1a1c01bbd47fc00a2c39e90264f33305004495a9","hash":"cb1640a7d2e7f4b23502a10399919b279f6ae71c"}
,"C:\\IdeaProjects\\spring-petclinic-main\\enhanced-gherkin-framework-main\\src\\utils\\timestamp.ts": {"path":"C:\\IdeaProjects\\spring-petclinic-main\\enhanced-gherkin-framework-main\\src\\utils\\timestamp.ts","statementMap":{"0":{"start":{"line":2,"column":16},"end":{"line":2,"column":26}},"1":{"start":{"line":3,"column":17},"end":{"line":3,"column":34}},"2":{"start":{"line":4,"column":15},"end":{"line":4,"column":58}},"3":{"start":{"line":5,"column":15},"end":{"line":5,"column":53}},"4":{"start":{"line":6,"column":15},"end":{"line":6,"column":54}},"5":{"start":{"line":7,"column":16},"end":{"line":7,"column":57}},"6":{"start":{"line":8,"column":15},"end":{"line":8,"column":56}},"7":{"start":{"line":9,"column":4},"end":{"line":9,"column":48}}},"fnMap":{"0":{"name":"getFormattedTimestamp","decl":{"start":{"line":1,"column":16},"end":{"line":1,"column":37}},"loc":{"start":{"line":1,"column":48},"end":{"line":10,"column":1}},"line":1}},"branchMap":{},"s":{"0":3,"1":3,"2":3,"3":3,"4":3,"5":3,"6":3,"7":3},"f":{"0":3},"b":{},"_coverageSchema":"1a1c01bbd47fc00a2c39e90264f33305004495a9","hash":"c1326c284e788f1322c694a1b390d95592d43561"}
}
